<?xml version='1.0' encoding='UTF-8'?>
<!DOCTYPE coverage SYSTEM 'http://cobertura.sourceforge.net/xml/coverage-04.dtd'>
<coverage line-rate="1.0" branch-rate="0.27049180327868855" lines-covered="100" lines-valid="100" branches-covered="66" branches-valid="244" complexity="0.0" timestamp="1716557890" version="gcovr 5.0"><sources><source>.</source></sources><packages><package name="" line-rate="1.0" branch-rate="0.27049180327868855" complexity="0.0"><classes><class name="BoardDFSTest_cpp" filename="BoardDFSTest.cpp" line-rate="1.0" branch-rate="0.25" complexity="0.0"><methods/><lines><line number="3" hits="3" branch="false"/><line number="4" hits="3" branch="false"/><line number="5" hits="3" branch="false"/><line number="6" hits="3" branch="false"/><line number="7" hits="3" branch="false"/><line number="10" hits="8" branch="false"/><line number="12" hits="2" branch="false"/><line number="15" hits="2" branch="true" condition-coverage="25% (3/12)"><conditions><condition number="0" type="jump" coverage="25%"/></conditions></line><line number="19" hits="8" branch="false"/><line number="21" hits="2" branch="false"/><line number="24" hits="2" branch="true" condition-coverage="25% (3/12)"><conditions><condition number="0" type="jump" coverage="25%"/></conditions></line><line number="28" hits="4" branch="false"/><line number="31" hits="1" branch="false"/><line number="33" hits="1" branch="false"/></lines></class><class name="BoardNavigatorTest_cpp" filename="BoardNavigatorTest.cpp" line-rate="1.0" branch-rate="0.3382352941176471" complexity="0.0"><methods/><lines><line number="2" hits="3" branch="false"/><line number="3" hits="3" branch="false"/><line number="4" hits="3" branch="false"/><line number="5" hits="3" branch="false"/><line number="9" hits="3" branch="true" condition-coverage="50% (2/4)"><conditions><condition number="0" type="jump" coverage="50%"/></conditions></line><line number="10" hits="3" branch="true" condition-coverage="50% (2/4)"><conditions><condition number="0" type="jump" coverage="50%"/></conditions></line><line number="11" hits="3" branch="true" condition-coverage="50% (2/4)"><conditions><condition number="0" type="jump" coverage="50%"/></conditions></line><line number="12" hits="3" branch="true" condition-coverage="50% (2/4)"><conditions><condition number="0" type="jump" coverage="50%"/></conditions></line><line number="13" hits="3" branch="false"/><line number="16" hits="8" branch="false"/><line number="17" hits="2" branch="false"/><line number="18" hits="2" branch="false"/><line number="19" hits="2" branch="false"/><line number="21" hits="2" branch="true" condition-coverage="50% (1/2)"><conditions><condition number="0" type="jump" coverage="50%"/></conditions></line><line number="23" hits="2" branch="true" condition-coverage="50% (1/2)"><conditions><condition number="0" type="jump" coverage="50%"/></conditions></line><line number="24" hits="2" branch="true" condition-coverage="25% (3/12)"><conditions><condition number="0" type="jump" coverage="25%"/></conditions></line><line number="25" hits="2" branch="true" condition-coverage="50% (2/4)"><conditions><condition number="0" type="jump" coverage="50%"/></conditions></line><line number="28" hits="8" branch="false"/><line number="29" hits="2" branch="false"/><line number="30" hits="2" branch="false"/><line number="31" hits="2" branch="false"/><line number="33" hits="2" branch="true" condition-coverage="50% (1/2)"><conditions><condition number="0" type="jump" coverage="50%"/></conditions></line><line number="36" hits="2" branch="true" condition-coverage="16% (2/12)"><conditions><condition number="0" type="jump" coverage="16%"/></conditions></line><line number="37" hits="2" branch="true" condition-coverage="50% (1/2)"><conditions><condition number="0" type="jump" coverage="50%"/></conditions></line><line number="40" hits="8" branch="false"/><line number="41" hits="2" branch="false"/><line number="42" hits="2" branch="false"/><line number="43" hits="2" branch="false"/><line number="45" hits="2" branch="true" condition-coverage="50% (1/2)"><conditions><condition number="0" type="jump" coverage="50%"/></conditions></line><line number="48" hits="2" branch="true" condition-coverage="16% (2/12)"><conditions><condition number="0" type="jump" coverage="16%"/></conditions></line><line number="49" hits="2" branch="true" condition-coverage="50% (1/2)"><conditions><condition number="0" type="jump" coverage="50%"/></conditions></line></lines></class><class name="BombPlantingTest_cpp" filename="BombPlantingTest.cpp" line-rate="1.0" branch-rate="0.24342105263157895" complexity="0.0"><methods/><lines><line number="2" hits="5" branch="false"/><line number="4" hits="5" branch="false"/><line number="5" hits="5" branch="false"/><line number="6" hits="5" branch="false"/><line number="7" hits="5" branch="false"/><line number="8" hits="5" branch="false"/><line number="9" hits="5" branch="false"/><line number="10" hits="5" branch="false"/><line number="11" hits="5" branch="false"/><line number="14" hits="8" branch="false"/><line number="16" hits="2" branch="false"/><line number="19" hits="2" branch="true" condition-coverage="21% (3/14)"><conditions><condition number="0" type="jump" coverage="21%"/></conditions></line><line number="22" hits="2" branch="false"/><line number="23" hits="2" branch="false"/><line number="26" hits="2" branch="true" condition-coverage="21% (3/14)"><conditions><condition number="0" type="jump" coverage="21%"/></conditions></line><line number="30" hits="8" branch="false"/><line number="32" hits="2" branch="true" condition-coverage="50% (1/2)"><conditions><condition number="0" type="jump" coverage="50%"/></conditions></line><line number="35" hits="2" branch="false"/><line number="36" hits="2" branch="false"/><line number="37" hits="2" branch="true" condition-coverage="50% (1/2)"><conditions><condition number="0" type="jump" coverage="50%"/></conditions></line><line number="40" hits="2" branch="true" condition-coverage="21% (3/14)"><conditions><condition number="0" type="jump" coverage="21%"/></conditions></line><line number="43" hits="2" branch="true" condition-coverage="50% (1/2)"><conditions><condition number="0" type="jump" coverage="50%"/></conditions></line><line number="44" hits="2" branch="true" condition-coverage="21% (3/14)"><conditions><condition number="0" type="jump" coverage="21%"/></conditions></line><line number="48" hits="8" branch="false"/><line number="50" hits="2" branch="false"/><line number="53" hits="2" branch="false"/><line number="54" hits="2" branch="false"/><line number="55" hits="2" branch="true" condition-coverage="21% (3/14)"><conditions><condition number="0" type="jump" coverage="21%"/></conditions></line><line number="58" hits="2" branch="false"/><line number="59" hits="2" branch="true" condition-coverage="21% (3/14)"><conditions><condition number="0" type="jump" coverage="21%"/></conditions></line><line number="62" hits="2" branch="false"/><line number="63" hits="2" branch="false"/><line number="64" hits="2" branch="false"/><line number="67" hits="2" branch="true" condition-coverage="21% (3/14)"><conditions><condition number="0" type="jump" coverage="21%"/></conditions></line><line number="71" hits="8" branch="false"/><line number="73" hits="2" branch="true" condition-coverage="50% (1/2)"><conditions><condition number="0" type="jump" coverage="50%"/></conditions></line><line number="74" hits="2" branch="false"/><line number="75" hits="2" branch="true" condition-coverage="50% (1/2)"><conditions><condition number="0" type="jump" coverage="50%"/></conditions></line><line number="77" hits="2" branch="true" condition-coverage="21% (3/14)"><conditions><condition number="0" type="jump" coverage="21%"/></conditions></line><line number="80" hits="2" branch="false"/><line number="81" hits="2" branch="false"/><line number="82" hits="2" branch="true" condition-coverage="50% (1/2)"><conditions><condition number="0" type="jump" coverage="50%"/></conditions></line><line number="85" hits="2" branch="true" condition-coverage="21% (3/14)"><conditions><condition number="0" type="jump" coverage="21%"/></conditions></line><line number="86" hits="2" branch="true" condition-coverage="28% (4/14)"><conditions><condition number="0" type="jump" coverage="28%"/></conditions></line><line number="90" hits="4" branch="false"/><line number="92" hits="1" branch="false"/><line number="95" hits="1" branch="false"/><line number="96" hits="1" branch="false"/><line number="99" hits="1" branch="false"/><line number="101" hits="1" branch="false"/><line number="102" hits="1" branch="false"/><line number="103" hits="1" branch="false"/></lines></class><class name="test_cpp" filename="test.cpp" line-rate="1.0" branch-rate="0.0" complexity="0.0"><methods/><lines><line number="7" hits="1" branch="false"/><line number="8" hits="1" branch="false"/><line number="9" hits="1" branch="false"/></lines></class></classes></package></packages></coverage>