TN:
SF:/home/georgii/Projects/Labs/Project42/Animation.cpp
FN:6,_ZN9AnimationC2ERN2sf7TextureERKNS0_5SoundEffmlb
FN:21,_ZN9AnimationC2ERN2sf7TextureEffmlb
FN:37,_ZN9Animation9load_dataEv
FN:59,_ZN9Animation15start_animationEl
FN:75,_ZN9Animation16resize_animationERKN2sf4RectIfEE
FN:89,_ZNK9Animation10is_runningEv
FN:96,_ZN9Animation10get_spriteEl
FNDA:44,_ZN9Animation15start_animationEl
FNDA:0,_ZN9Animation10get_spriteEl
FNDA:55,_ZN9Animation16resize_animationERKN2sf4RectIfEE
FNDA:55,_ZN9AnimationC2ERN2sf7TextureEffmlb
FNDA:1705,_ZN9Animation9load_dataEv
FNDA:1650,_ZN9AnimationC2ERN2sf7TextureERKNS0_5SoundEffmlb
FNDA:0,_ZNK9Animation10is_runningEv
FNF:7
FNH:5
DA:6,1650
DA:7,1650
DA:8,1650
DA:9,1650
DA:10,1650
DA:11,1650
DA:12,1650
DA:13,1650
DA:14,1650
DA:15,1650
DA:16,1650
DA:18,1650
DA:19,1650
DA:21,55
DA:22,55
DA:23,55
DA:24,55
DA:25,55
DA:26,55
DA:27,55
DA:28,55
DA:29,55
DA:30,55
DA:32,55
DA:33,55
DA:37,1705
DA:39,1705
DA:40,1705
DA:41,1705
DA:42,6765
DA:43,5060
DA:44,5060
DA:45,5060
DA:47,5060
DA:48,5060
DA:49,5060
DA:50,5060
DA:51,5060
DA:52,5060
DA:53,5060
DA:54,5060
DA:55,1705
DA:59,44
DA:61,44
DA:62,0
DA:63,0
DA:64,0
DA:66,44
DA:68,0
DA:71,44
DA:72,44
DA:75,55
DA:77,165
DA:78,110
DA:79,330
DA:80,110
DA:81,110
DA:84,55
DA:85,55
DA:89,0
DA:91,0
DA:96,0
DA:98,0
DA:100,0
DA:101,0
DA:103,0
DA:105,0
DA:107,0
LF:68
LH:55
end_of_record
TN:
SF:/home/georgii/Projects/Labs/Project42/Animation.hpp
FN:18,_ZN9AnimationC2Ev
FNDA:3410,_ZN9AnimationC2Ev
FNF:1
FNH:1
DA:18,3410
LF:1
LH:1
end_of_record
TN:
SF:/home/georgii/Projects/Labs/Project42/Board.cpp
FN:3,_ZN5BoardC2ERKN2sf4RectIfEE
FN:15,_ZN5Board13loadResourcesEv
FN:28,_ZN5Board5buildEv
FN:51,_ZN5Board3dfsEii
FN:99,_ZNK5Board15get_people_sizeEv
FN:104,_ZNK5Board13get_cell_sizeEv
FN:108,_ZN5Board14set_board_sizeEmm
FN:114,_ZNK5Board12is_go_abroadEii
FN:120,_ZN5Board9navigatorERKN2sf7Vector2IiEES4_i
FN:165,_ZN5Board4drawERN2sf12RenderWindowEl
FN:176,_ZNK5Board15check_collisionERKN2sf4RectIfEE
FN:189,_ZNK5Board15check_collisionER6Bullet
FN:197,_ZN5Board17calc_pos_on_boardERKN2sf4RectIfEE
FN:205,_ZN5Board17calc_pos_on_boardERKN2sf4RectIfEERKNS0_7Vector2IfEE
FN:237,_ZN5Board14wall_destroyerERKN2sf4RectIfEE
FN:314,_ZN5Board9boom_cellEiil
FN:319,_ZN5Board9neighbourERKN2sf4RectIfEE
FNDA:33,_ZN5Board9navigatorERKN2sf7Vector2IiEES4_i
FNDA:0,_ZNK5Board15check_collisionER6Bullet
FNDA:0,_ZN5Board17calc_pos_on_boardERKN2sf4RectIfEE
FNDA:0,_ZNK5Board15get_people_sizeEv
FNDA:0,_ZN5Board4drawERN2sf12RenderWindowEl
FNDA:0,_ZNK5Board13get_cell_sizeEv
FNDA:4873,_ZNK5Board12is_go_abroadEii
FNDA:0,_ZN5Board9boom_cellEiil
FNDA:0,_ZN5Board17calc_pos_on_boardERKN2sf4RectIfEERKNS0_7Vector2IfEE
FNDA:0,_ZN5Board9neighbourERKN2sf4RectIfEE
FNDA:0,_ZNK5Board15check_collisionERKN2sf4RectIfEE
FNDA:66,_ZN5BoardC2ERKN2sf4RectIfEE
FNDA:66,_ZN5Board14set_board_sizeEmm
FNDA:561,_ZN5Board3dfsEii
FNDA:0,_ZN5Board5buildEv
FNDA:0,_ZN5Board14wall_destroyerERKN2sf4RectIfEE
FNDA:0,_ZN5Board13loadResourcesEv
FNF:17
FNH:5
DA:3,66
DA:4,66
DA:5,66
DA:6,66
DA:7,66
DA:8,66
DA:9,66
DA:11,66
DA:12,66
DA:13,66
DA:15,0
DA:17,0
DA:19,0
DA:20,0
DA:22,0
DA:23,0
DA:25,0
DA:28,0
DA:31,0
DA:32,0
DA:33,0
DA:36,0
DA:37,0
DA:40,0
DA:41,0
DA:42,0
DA:43,0
DA:44,0
DA:46,0
DA:47,0
DA:49,0
DA:50,0
DA:51,561
DA:53,561
DA:54,550
DA:57,1078
DA:58,1078
DA:59,1078
DA:60,1078
DA:61,1078
DA:63,1078
DA:65,528
DA:66,528
DA:68,528
DA:69,528
DA:72,528
DA:74,154
DA:75,154
DA:77,374
DA:79,112
DA:80,112
DA:82,262
DA:84,140
DA:85,140
DA:87,122
DA:89,122
DA:90,122
DA:92,528
DA:94,528
DA:95,1606
DA:99,0
DA:101,0
DA:104,0
DA:106,0
DA:108,66
DA:110,66
DA:111,66
DA:112,66
DA:114,4873
DA:116,4873
DA:117,4033
DA:120,33
DA:122,33
DA:123,33
DA:124,33
DA:125,33
DA:126,33
DA:127,33
DA:129,33
DA:131,143
DA:133,132
DA:134,132
DA:135,132
DA:137,11
DA:139,220
DA:140,110
DA:141,110
DA:142,110
DA:144,110
DA:145,11
DA:146,11
DA:149,121
DA:151,33
DA:153,11
DA:154,55
DA:155,44
DA:156,44
DA:160,11
DA:161,11
DA:162,33
DA:165,0
DA:167,0
DA:169,0
DA:171,0
DA:174,0
DA:176,0
DA:179,0
DA:181,0
DA:182,0
DA:183,0
DA:184,0
DA:185,0
DA:186,0
DA:189,0
DA:191,0
DA:193,0
DA:195,0
DA:197,0
DA:199,0
DA:200,0
DA:201,0
DA:202,0
DA:205,0
DA:207,0
DA:209,0
DA:211,0
DA:212,0
DA:214,0
DA:216,0
DA:217,0
DA:219,0
DA:221,0
DA:222,0
DA:224,0
DA:226,0
DA:227,0
DA:231,0
DA:233,0
DA:237,0
DA:240,0
DA:242,0
DA:243,0
DA:245,0
DA:247,0
DA:248,0
DA:251,0
DA:252,0
DA:253,0
DA:254,0
DA:255,0
DA:256,0
DA:257,0
DA:258,0
DA:260,0
DA:261,0
DA:264,0
DA:267,0
DA:268,0
DA:270,0
DA:272,0
DA:273,0
DA:276,0
DA:279,0
DA:280,0
DA:282,0
DA:284,0
DA:285,0
DA:288,0
DA:291,0
DA:292,0
DA:294,0
DA:296,0
DA:297,0
DA:300,0
DA:303,0
DA:304,0
DA:306,0
DA:308,0
DA:309,0
DA:312,0
DA:314,0
DA:316,0
DA:317,0
DA:319,0
DA:322,0
DA:324,0
DA:327,0
DA:330,0
DA:332,0
DA:333,0
LF:190
LH:74
end_of_record
TN:
SF:/home/georgii/Projects/Labs/Project42/Board.hpp
FN:30,_ZN5BoardC2Ev
FNDA:66,_ZN5BoardC2Ev
FNF:1
FNH:1
DA:30,66
LF:1
LH:1
end_of_record
TN:
SF:/home/georgii/Projects/Labs/Project42/Bomb.cpp
FN:4,_ZN4BombC2Eii
FN:16,_ZN4Bomb8plantingERKN2sf4RectIfEEl
FN:39,_ZN4Bomb13drop_plantingEv
FN:48,_ZN4Bomb13loadResourcesEv
FN:55,_ZN4Bomb4drawERN2sf12RenderWindowEl
FN:62,_ZNK4Bomb14get_plant_infoEv
FN:67,_ZNK4Bomb11is_activateEv
FN:72,_ZNK4Bomb7get_posEv
FN:77,_ZN4Bomb10deactivateEv
FN:82,_ZN4Bomb10get_damageEv
FNDA:0,_ZN4Bomb13drop_plantingEv
FNDA:0,_ZN4Bomb13loadResourcesEv
FNDA:110,_ZNK4Bomb11is_activateEv
FNDA:11,_ZN4Bomb10deactivateEv
FNDA:0,_ZN4Bomb4drawERN2sf12RenderWindowEl
FNDA:11,_ZNK4Bomb14get_plant_infoEv
FNDA:154,_ZN4Bomb8plantingERKN2sf4RectIfEEl
FNDA:11,_ZNK4Bomb7get_posEv
FNDA:55,_ZN4BombC2Eii
FNDA:0,_ZN4Bomb10get_damageEv
FNF:10
FNH:6
DA:4,55
DA:5,55
DA:6,55
DA:7,55
DA:8,55
DA:9,55
DA:10,55
DA:12,55
DA:13,55
DA:14,55
DA:16,154
DA:18,154
DA:19,132
DA:20,132
DA:22,132
DA:24,55
DA:25,55
DA:27,44
DA:28,44
DA:33,77
DA:34,77
DA:35,77
DA:39,0
DA:41,0
DA:43,0
DA:44,0
DA:46,0
DA:48,0
DA:50,0
DA:51,0
DA:52,0
DA:55,0
DA:57,0
DA:58,0
DA:59,0
DA:60,0
DA:62,11
DA:64,11
DA:67,110
DA:69,110
DA:72,11
DA:74,11
DA:77,11
DA:79,11
DA:80,11
DA:82,0
DA:84,0
LF:47
LH:31
end_of_record
TN:
SF:/home/georgii/Projects/Labs/Project42/Bomb.hpp
FN:16,_ZN4BombC2Ev
FNDA:55,_ZN4BombC2Ev
FNF:1
FNH:1
DA:16,55
LF:1
LH:1
end_of_record
TN:
SF:/home/georgii/Projects/Labs/Project42/Bullet.cpp
FN:7,_ZN6BulletC2ERKN2sf6SpriteERKNS0_4RectIfEEfffl
FN:25,_ZNK6Bullet8get_rectEv
FN:31,_ZN6Bullet4moveEl
FN:45,_ZN6Bullet4drawERN2sf12RenderWindowE
FN:54,_ZNK6Bullet13get_collisionEv
FN:59,_ZNK6Bullet15getGlobalBoundsEv
FN:64,_ZN6Bullet10get_directEv
FN:69,_ZN6Bullet9collisionEv
FNDA:0,_ZNK6Bullet8get_rectEv
FNDA:0,_ZN6Bullet4moveEl
FNDA:0,_ZNK6Bullet15getGlobalBoundsEv
FNDA:0,_ZN6BulletC2ERKN2sf6SpriteERKNS0_4RectIfEEfffl
FNDA:0,_ZN6Bullet4drawERN2sf12RenderWindowE
FNDA:0,_ZN6Bullet9collisionEv
FNDA:0,_ZNK6Bullet13get_collisionEv
FNDA:0,_ZN6Bullet10get_directEv
FNF:8
FNH:0
DA:7,0
DA:8,0
DA:9,0
DA:12,0
DA:15,0
DA:16,0
DA:19,0
DA:20,0
DA:21,0
DA:22,0
DA:25,0
DA:27,0
DA:31,0
DA:34,0
DA:36,0
DA:37,0
DA:38,0
DA:39,0
DA:40,0
DA:42,0
DA:45,0
DA:48,0
DA:50,0
DA:52,0
DA:54,0
DA:56,0
DA:59,0
DA:61,0
DA:64,0
DA:66,0
DA:69,0
DA:71,0
DA:72,0
LF:33
LH:0
end_of_record
TN:
SF:/home/georgii/Projects/Labs/Project42/Cell.cpp
FN:3,_ZN4CellC2ERKN2sf7TextureES3_fffff
FN:56,_ZN4Cell13loadResourcesEv
FN:69,_ZN4Cell9make_boomEl
FN:74,_ZN4Cell4drawERN2sf12RenderWindowEl
FN:93,_ZNK4Cell15check_collisionERKN2sf4RectIfEE
FN:102,_ZN4Cell7pruningERN2sf6SpriteERKNS0_7TextureERKNS0_4RectIfEE
FNDA:0,_ZN4Cell4drawERN2sf12RenderWindowEl
FNDA:0,_ZN4Cell9make_boomEl
FNDA:6600,_ZN4Cell7pruningERN2sf6SpriteERKNS0_7TextureERKNS0_4RectIfEE
FNDA:1650,_ZN4CellC2ERKN2sf7TextureES3_fffff
FNDA:0,_ZNK4Cell15check_collisionERKN2sf4RectIfEE
FNDA:66,_ZN4Cell13loadResourcesEv
FNF:6
FNH:3
DA:3,1650
DA:4,1650
DA:5,1650
DA:6,1650
DA:7,1650
DA:10,1650
DA:12,1650
DA:13,1650
DA:14,1650
DA:15,1650
DA:16,1650
DA:18,1650
DA:21,1650
DA:26,1650
DA:31,1650
DA:33,1650
DA:38,1650
DA:40,3300
DA:41,1650
DA:45,1650
DA:47,1650
DA:52,1650
DA:54,1650
DA:56,66
DA:58,66
DA:59,66
DA:60,66
DA:62,66
DA:63,66
DA:65,66
DA:66,66
DA:69,0
DA:71,0
DA:72,0
DA:74,0
DA:76,0
DA:77,0
DA:80,0
DA:82,0
DA:83,0
DA:85,0
DA:86,0
DA:87,0
DA:88,0
DA:89,0
DA:90,0
DA:91,0
DA:93,0
DA:95,0
DA:96,0
DA:97,0
DA:98,0
DA:99,0
DA:102,6600
DA:104,6600
DA:105,6600
DA:106,6600
DA:108,6600
DA:109,6600
DA:110,6600
DA:111,6600
DA:112,6600
DA:113,6600
LF:63
LH:41
end_of_record
TN:
SF:/home/georgii/Projects/Labs/Project42/Cell.hpp
FN:18,_ZN4CellC2Ev
FNDA:1650,_ZN4CellC2Ev
FNF:1
FNH:1
DA:18,1650
LF:1
LH:1
end_of_record
TN:
SF:/home/georgii/Projects/Labs/Project42/tests/external/googletest/googletest/include/gtest/gtest-assertion-result.h
FN:155,_ZN7testing15AssertionResultC2IbEERKT_PNSt9enable_ifIXntsrSt14is_convertibleIS2_S0_E5valueEvE4typeE
FN:174,_ZNK7testing15AssertionResultcvbEv
FN:183,_ZNK7testing15AssertionResult7messageEv
FN:187,_ZNK7testing15AssertionResult15failure_messageEv
FN:191,_ZN7testing15AssertionResultlsIA3_cEERS0_RKT_
FN:191,_ZN7testing15AssertionResultlsIA12_cEERS0_RKT_
FN:191,_ZN7testing15AssertionResultlsIA5_cEERS0_RKT_
FN:191,_ZN7testing15AssertionResultlsINSt7__cxx1112basic_stringIcSt11char_traitsIcESaIcEEEEERS0_RKT_
FN:191,_ZN7testing15AssertionResultlsIPKcEERS0_RKT_
FN:206,_ZN7testing15AssertionResult13AppendMessageERKNS_7MessageE
FNDA:0,_ZN7testing15AssertionResultlsINSt7__cxx1112basic_stringIcSt11char_traitsIcESaIcEEEEERS0_RKT_
FNDA:0,_ZN7testing15AssertionResultlsIPKcEERS0_RKT_
FNDA:0,_ZNK7testing15AssertionResult15failure_messageEv
FNDA:209,_ZNK7testing15AssertionResultcvbEv
FNDA:209,_ZN7testing15AssertionResultC2IbEERKT_PNSt9enable_ifIXntsrSt14is_convertibleIS2_S0_E5valueEvE4typeE
FNDA:0,_ZNK7testing15AssertionResult7messageEv
FNDA:0,_ZN7testing15AssertionResultlsIA3_cEERS0_RKT_
FNDA:0,_ZN7testing15AssertionResult13AppendMessageERKNS_7MessageE
FNDA:0,_ZN7testing15AssertionResultlsIA12_cEERS0_RKT_
FNDA:0,_ZN7testing15AssertionResultlsIA5_cEERS0_RKT_
FNF:10
FNH:2
DA:155,209
DA:161,209
DA:174,209
DA:183,0
DA:184,0
DA:187,0
DA:191,0
DA:192,0
DA:193,0
DA:206,0
DA:207,0
DA:208,0
DA:209,0
LF:13
LH:3
end_of_record
TN:
SF:/home/georgii/Projects/Labs/Project42/tests/external/googletest/googletest/include/gtest/gtest-message.h
FN:132,_ZN7testing7MessagelsIA5_cEERS0_RKT_
FN:132,_ZN7testing7MessagelsINSt7__cxx1112basic_stringIcSt11char_traitsIcESaIcEEEEERS0_RKT_
FN:132,_ZN7testing7MessagelsIA12_cEERS0_RKT_
FN:132,_ZN7testing7MessagelsIA3_cEERS0_RKT_
FN:181,_ZN7testing7MessagelsIKcEERS0_RKPT_
FNDA:0,_ZN7testing7MessagelsIA5_cEERS0_RKT_
FNDA:0,_ZN7testing7MessagelsINSt7__cxx1112basic_stringIcSt11char_traitsIcESaIcEEEEERS0_RKT_
FNDA:231,_ZN7testing7MessagelsIKcEERS0_RKPT_
FNDA:0,_ZN7testing7MessagelsIA12_cEERS0_RKT_
FNDA:0,_ZN7testing7MessagelsIA3_cEERS0_RKT_
FNF:5
FNH:1
DA:132,0
DA:148,0
DA:149,0
DA:181,231
DA:182,231
DA:183,0
DA:185,231
DA:187,231
LF:8
LH:4
end_of_record
TN:
SF:/home/georgii/Projects/Labs/Project42/tests/external/googletest/googletest/include/gtest/gtest-printers.h
FN:164,_ZN7testing8internal16ContainerPrinter10PrintValueISt6vectorISt4pairIiiESaIS5_EEvEEvRKT_PSo
FN:244,_ZN7testing8internal52internal_stream_operator_without_lexical_name_lookup13StreamPrinter10PrintValueIlvEEDTcvvlsdefp0_fp_ERKT_PSo
FN:244,_ZN7testing8internal52internal_stream_operator_without_lexical_name_lookup13StreamPrinter10PrintValueImvEEDTcvvlsdefp0_fp_ERKT_PSo
FN:244,_ZN7testing8internal52internal_stream_operator_without_lexical_name_lookup13StreamPrinter10PrintValueIivEEDTcvvlsdefp0_fp_ERKT_PSo
FN:311,_ZN7testing8internal15RawBytesPrinter10PrintValueIN2sf7Vector2IfEELm8EEEvRKT_PSo
FN:348,_ZN7testing8internal17PrintWithFallbackImEEvRKT_PSo
FN:348,_ZN7testing8internal17PrintWithFallbackIiEEvRKT_PSo
FN:348,_ZN7testing8internal17PrintWithFallbackIN2sf7Vector2IfEEEEvRKT_PSo
FN:348,_ZN7testing8internal17PrintWithFallbackIlEEvRKT_PSo
FN:348,_ZN7testing8internal17PrintWithFallbackISt6vectorISt4pairIiiESaIS4_EEEEvRKT_PSo
FN:379,_ZN7testing8internal19FormatForComparisonIN2sf7Vector2IfEES4_E6FormatB5cxx11ERKS4_
FN:379,_ZN7testing8internal19FormatForComparisonISt6vectorISt4pairIiiESaIS4_EES6_E6FormatB5cxx11ERKS6_
FN:379,_ZN7testing8internal19FormatForComparisonIimE6FormatB5cxx11ERKi
FN:379,_ZN7testing8internal19FormatForComparisonIllE6FormatB5cxx11ERKl
FN:379,_ZN7testing8internal19FormatForComparisonImiE6FormatB5cxx11ERKm
FN:379,_ZN7testing8internal19FormatForComparisonImmE6FormatB5cxx11ERKm
FN:379,_ZN7testing8internal19FormatForComparisonIliE6FormatB5cxx11ERKl
FN:379,_ZN7testing8internal19FormatForComparisonIilE6FormatB5cxx11ERKi
FN:459,_ZN7testing8internal33FormatForComparisonFailureMessageIN2sf7Vector2IfEES4_EENSt7__cxx1112basic_stringIcSt11char_traitsIcESaIcEEERKT_RKT0_
FN:459,_ZN7testing8internal33FormatForComparisonFailureMessageIimEENSt7__cxx1112basic_stringIcSt11char_traitsIcESaIcEEERKT_RKT0_
FN:459,_ZN7testing8internal33FormatForComparisonFailureMessageImmEENSt7__cxx1112basic_stringIcSt11char_traitsIcESaIcEEERKT_RKT0_
FN:459,_ZN7testing8internal33FormatForComparisonFailureMessageISt6vectorISt4pairIiiESaIS4_EES6_EENSt7__cxx1112basic_stringIcSt11char_traitsIcESaIcEEERKT_RKT0_
FN:459,_ZN7testing8internal33FormatForComparisonFailureMessageIliEENSt7__cxx1112basic_stringIcSt11char_traitsIcESaIcEEERKT_RKT0_
FN:459,_ZN7testing8internal33FormatForComparisonFailureMessageIilEENSt7__cxx1112basic_stringIcSt11char_traitsIcESaIcEEERKT_RKT0_
FN:459,_ZN7testing8internal33FormatForComparisonFailureMessageIllEENSt7__cxx1112basic_stringIcSt11char_traitsIcESaIcEEERKT_RKT0_
FN:459,_ZN7testing8internal33FormatForComparisonFailureMessageImiEENSt7__cxx1112basic_stringIcSt11char_traitsIcESaIcEEERKT_RKT0_
FN:486,_ZN7testing8internal7PrintToImEEvRKT_PSo
FN:486,_ZN7testing8internal7PrintToISt6vectorISt4pairIiiESaIS4_EEEEvRKT_PSo
FN:486,_ZN7testing8internal7PrintToIN2sf7Vector2IfEEEEvRKT_PSo
FN:486,_ZN7testing8internal7PrintToIiEEvRKT_PSo
FN:486,_ZN7testing8internal7PrintToIlEEvRKT_PSo
FN:813,_ZN7testing8internal7PrintToIiiEEvRKSt4pairIT_T0_EPSo
FN:835,_ZN7testing8internal16UniversalPrinterImE5PrintERKmPSo
FN:835,_ZN7testing8internal16UniversalPrinterIiE5PrintERKiPSo
FN:835,_ZN7testing8internal16UniversalPrinterISt4pairIiiEE5PrintERKS3_PSo
FN:835,_ZN7testing8internal16UniversalPrinterISt6vectorISt4pairIiiESaIS4_EEE5PrintERKS6_PSo
FN:835,_ZN7testing8internal16UniversalPrinterIN2sf7Vector2IfEEE5PrintERKS4_PSo
FN:835,_ZN7testing8internal16UniversalPrinterIlE5PrintERKlPSo
FN:1025,_ZN7testing8internal21UniversalTersePrinterImE5PrintERKmPSo
FN:1025,_ZN7testing8internal21UniversalTersePrinterIN2sf7Vector2IfEEE5PrintERKS4_PSo
FN:1025,_ZN7testing8internal21UniversalTersePrinterIlE5PrintERKlPSo
FN:1025,_ZN7testing8internal21UniversalTersePrinterISt6vectorISt4pairIiiESaIS4_EEE5PrintERKS6_PSo
FN:1025,_ZN7testing8internal21UniversalTersePrinterIiE5PrintERKiPSo
FN:1144,_ZN7testing8internal14UniversalPrintISt6vectorISt4pairIiiESaIS4_EEEEvRKT_PSo
FN:1144,_ZN7testing8internal14UniversalPrintISt4pairIiiEEEvRKT_PSo
FN:1144,_ZN7testing8internal14UniversalPrintIN2sf7Vector2IfEEEEvRKT_PSo
FN:1144,_ZN7testing8internal14UniversalPrintIlEEvRKT_PSo
FN:1144,_ZN7testing8internal14UniversalPrintImEEvRKT_PSo
FN:1144,_ZN7testing8internal14UniversalPrintIiEEvRKT_PSo
FN:1184,_ZN7testing13PrintToStringIiEENSt7__cxx1112basic_stringIcSt11char_traitsIcESaIcEEERKT_
FN:1184,_ZN7testing13PrintToStringIlEENSt7__cxx1112basic_stringIcSt11char_traitsIcESaIcEEERKT_
FN:1184,_ZN7testing13PrintToStringIN2sf7Vector2IfEEEENSt7__cxx1112basic_stringIcSt11char_traitsIcESaIcEEERKT_
FN:1184,_ZN7testing13PrintToStringISt6vectorISt4pairIiiESaIS3_EEEENSt7__cxx1112basic_stringIcSt11char_traitsIcESaIcEEERKT_
FN:1184,_ZN7testing13PrintToStringImEENSt7__cxx1112basic_stringIcSt11char_traitsIcESaIcEEERKT_
FNDA:0,_ZN7testing8internal7PrintToISt6vectorISt4pairIiiESaIS4_EEEEvRKT_PSo
FNDA:0,_ZN7testing8internal33FormatForComparisonFailureMessageIN2sf7Vector2IfEES4_EENSt7__cxx1112basic_stringIcSt11char_traitsIcESaIcEEERKT_RKT0_
FNDA:0,_ZN7testing13PrintToStringIlEENSt7__cxx1112basic_stringIcSt11char_traitsIcESaIcEEERKT_
FNDA:0,_ZN7testing8internal16UniversalPrinterImE5PrintERKmPSo
FNDA:0,_ZN7testing13PrintToStringIiEENSt7__cxx1112basic_stringIcSt11char_traitsIcESaIcEEERKT_
FNDA:0,_ZN7testing8internal17PrintWithFallbackImEEvRKT_PSo
FNDA:0,_ZN7testing8internal7PrintToImEEvRKT_PSo
FNDA:0,_ZN7testing8internal19FormatForComparisonISt6vectorISt4pairIiiESaIS4_EES6_E6FormatB5cxx11ERKS6_
FNDA:0,_ZN7testing8internal19FormatForComparisonIN2sf7Vector2IfEES4_E6FormatB5cxx11ERKS4_
FNDA:0,_ZN7testing8internal17PrintWithFallbackIiEEvRKT_PSo
FNDA:0,_ZN7testing8internal52internal_stream_operator_without_lexical_name_lookup13StreamPrinter10PrintValueIlvEEDTcvvlsdefp0_fp_ERKT_PSo
FNDA:0,_ZN7testing8internal33FormatForComparisonFailureMessageIimEENSt7__cxx1112basic_stringIcSt11char_traitsIcESaIcEEERKT_RKT0_
FNDA:0,_ZN7testing8internal7PrintToIiEEvRKT_PSo
FNDA:0,_ZN7testing8internal16UniversalPrinterIiE5PrintERKiPSo
FNDA:0,_ZN7testing8internal21UniversalTersePrinterImE5PrintERKmPSo
FNDA:0,_ZN7testing13PrintToStringISt6vectorISt4pairIiiESaIS3_EEEENSt7__cxx1112basic_stringIcSt11char_traitsIcESaIcEEERKT_
FNDA:0,_ZN7testing8internal21UniversalTersePrinterIN2sf7Vector2IfEEE5PrintERKS4_PSo
FNDA:0,_ZN7testing8internal7PrintToIN2sf7Vector2IfEEEEvRKT_PSo
FNDA:0,_ZN7testing13PrintToStringIN2sf7Vector2IfEEEENSt7__cxx1112basic_stringIcSt11char_traitsIcESaIcEEERKT_
FNDA:0,_ZN7testing8internal19FormatForComparisonIimE6FormatB5cxx11ERKi
FNDA:0,_ZN7testing8internal14UniversalPrintISt6vectorISt4pairIiiESaIS4_EEEEvRKT_PSo
FNDA:0,_ZN7testing8internal14UniversalPrintISt4pairIiiEEEvRKT_PSo
FNDA:0,_ZN7testing8internal17PrintWithFallbackIN2sf7Vector2IfEEEEvRKT_PSo
FNDA:0,_ZN7testing8internal33FormatForComparisonFailureMessageImmEENSt7__cxx1112basic_stringIcSt11char_traitsIcESaIcEEERKT_RKT0_
FNDA:0,_ZN7testing8internal16UniversalPrinterISt6vectorISt4pairIiiESaIS4_EEE5PrintERKS6_PSo
FNDA:0,_ZN7testing8internal19FormatForComparisonImiE6FormatB5cxx11ERKm
FNDA:0,_ZN7testing8internal19FormatForComparisonIllE6FormatB5cxx11ERKl
FNDA:0,_ZN7testing8internal16UniversalPrinterISt4pairIiiEE5PrintERKS3_PSo
FNDA:0,_ZN7testing13PrintToStringImEENSt7__cxx1112basic_stringIcSt11char_traitsIcESaIcEEERKT_
FNDA:0,_ZN7testing8internal19FormatForComparisonImmE6FormatB5cxx11ERKm
FNDA:0,_ZN7testing8internal7PrintToIiiEEvRKSt4pairIT_T0_EPSo
FNDA:0,_ZN7testing8internal17PrintWithFallbackIlEEvRKT_PSo
FNDA:0,_ZN7testing8internal33FormatForComparisonFailureMessageISt6vectorISt4pairIiiESaIS4_EES6_EENSt7__cxx1112basic_stringIcSt11char_traitsIcESaIcEEERKT_RKT0_
FNDA:0,_ZN7testing8internal33FormatForComparisonFailureMessageIilEENSt7__cxx1112basic_stringIcSt11char_traitsIcESaIcEEERKT_RKT0_
FNDA:0,_ZN7testing8internal15RawBytesPrinter10PrintValueIN2sf7Vector2IfEELm8EEEvRKT_PSo
FNDA:0,_ZN7testing8internal33FormatForComparisonFailureMessageIliEENSt7__cxx1112basic_stringIcSt11char_traitsIcESaIcEEERKT_RKT0_
FNDA:0,_ZN7testing8internal14UniversalPrintIN2sf7Vector2IfEEEEvRKT_PSo
FNDA:0,_ZN7testing8internal33FormatForComparisonFailureMessageIllEENSt7__cxx1112basic_stringIcSt11char_traitsIcESaIcEEERKT_RKT0_
FNDA:0,_ZN7testing8internal21UniversalTersePrinterISt6vectorISt4pairIiiESaIS4_EEE5PrintERKS6_PSo
FNDA:0,_ZN7testing8internal21UniversalTersePrinterIlE5PrintERKlPSo
FNDA:0,_ZN7testing8internal16UniversalPrinterIN2sf7Vector2IfEEE5PrintERKS4_PSo
FNDA:0,_ZN7testing8internal52internal_stream_operator_without_lexical_name_lookup13StreamPrinter10PrintValueImvEEDTcvvlsdefp0_fp_ERKT_PSo
FNDA:0,_ZN7testing8internal52internal_stream_operator_without_lexical_name_lookup13StreamPrinter10PrintValueIivEEDTcvvlsdefp0_fp_ERKT_PSo
FNDA:0,_ZN7testing8internal16ContainerPrinter10PrintValueISt6vectorISt4pairIiiESaIS5_EEvEEvRKT_PSo
FNDA:0,_ZN7testing8internal19FormatForComparisonIilE6FormatB5cxx11ERKi
FNDA:0,_ZN7testing8internal14UniversalPrintImEEvRKT_PSo
FNDA:0,_ZN7testing8internal14UniversalPrintIiEEvRKT_PSo
FNDA:0,_ZN7testing8internal21UniversalTersePrinterIiE5PrintERKiPSo
FNDA:0,_ZN7testing8internal33FormatForComparisonFailureMessageImiEENSt7__cxx1112basic_stringIcSt11char_traitsIcESaIcEEERKT_RKT0_
FNDA:0,_ZN7testing8internal14UniversalPrintIlEEvRKT_PSo
FNDA:0,_ZN7testing8internal19FormatForComparisonIliE6FormatB5cxx11ERKl
FNDA:0,_ZN7testing8internal7PrintToIlEEvRKT_PSo
FNDA:0,_ZN7testing8internal16UniversalPrinterIlE5PrintERKlPSo
FNDA:0,_ZN7testing8internal17PrintWithFallbackISt6vectorISt4pairIiiESaIS4_EEEEvRKT_PSo
FNF:54
FNH:0
DA:164,0
DA:165,0
DA:166,0
DA:167,0
DA:168,0
DA:169,0
DA:170,0
DA:171,0
DA:172,0
DA:173,0
DA:176,0
DA:179,0
DA:180,0
DA:183,0
DA:184,0
DA:186,0
DA:187,0
DA:244,0
DA:248,0
DA:249,0
DA:311,0
DA:312,0
DA:315,0
DA:317,0
DA:348,0
DA:358,0
DA:359,0
DA:379,0
DA:380,0
DA:459,0
DA:461,0
DA:486,0
DA:487,0
DA:488,0
DA:813,0
DA:814,0
DA:817,0
DA:818,0
DA:819,0
DA:820,0
DA:821,0
DA:835,0
DA:844,0
DA:845,0
DA:1025,0
DA:1026,0
DA:1027,0
DA:1144,0
DA:1148,0
DA:1149,0
DA:1184,0
DA:1185,0
DA:1186,0
DA:1187,0
DA:1188,0
LF:55
LH:0
end_of_record
TN:
SF:/home/georgii/Projects/Labs/Project42/tests/external/googletest/googletest/include/gtest/gtest.h
FN:255,_ZN7testing4Test14SetUpTestSuiteEv
FN:263,_ZN7testing4Test17TearDownTestSuiteEv
FN:268,_ZN7testing4Test16TearDownTestCaseEv
FN:269,_ZN7testing4Test13SetUpTestCaseEv
FN:356,_ZN7testing4Test5SetupEv
FN:1374,_ZN7testing8internal18CmpHelperEQFailureIliEENS_15AssertionResultEPKcS4_RKT_RKT0_
FN:1374,_ZN7testing8internal18CmpHelperEQFailureIN2sf7Vector2IfEES4_EENS_15AssertionResultEPKcS7_RKT_RKT0_
FN:1374,_ZN7testing8internal18CmpHelperEQFailureImiEENS_15AssertionResultEPKcS4_RKT_RKT0_
FN:1374,_ZN7testing8internal18CmpHelperEQFailureISt6vectorISt4pairIiiESaIS4_EES6_EENS_15AssertionResultEPKcS9_RKT_RKT0_
FN:1374,_ZN7testing8internal18CmpHelperEQFailureImmEENS_15AssertionResultEPKcS4_RKT_RKT0_
FN:1391,_ZN7testing8internal11CmpHelperEQISt6vectorISt4pairIiiESaIS4_EES6_EENS_15AssertionResultEPKcS9_RKT_RKT0_
FN:1391,_ZN7testing8internal11CmpHelperEQIN2sf7Vector2IfEES4_EENS_15AssertionResultEPKcS7_RKT_RKT0_
FN:1391,_ZN7testing8internal11CmpHelperEQImiEENS_15AssertionResultEPKcS4_RKT_RKT0_
FN:1391,_ZN7testing8internal11CmpHelperEQImmEENS_15AssertionResultEPKcS4_RKT_RKT0_
FN:1391,_ZN7testing8internal11CmpHelperEQIliEENS_15AssertionResultEPKcS4_RKT_RKT0_
FN:1410,_ZN7testing8internal8EqHelper7CompareISt6vectorISt4pairIiiESaIS5_EES7_LPv0EEENS_15AssertionResultEPKcSB_RKT_RKT0_
FN:1410,_ZN7testing8internal8EqHelper7CompareIN2sf7Vector2IfEES5_LPv0EEENS_15AssertionResultEPKcS9_RKT_RKT0_
FN:1410,_ZN7testing8internal8EqHelper7CompareImiLPv0EEENS_15AssertionResultEPKcS6_RKT_RKT0_
FN:1410,_ZN7testing8internal8EqHelper7CompareImmLPv0EEENS_15AssertionResultEPKcS6_RKT_RKT0_
FN:1410,_ZN7testing8internal8EqHelper7CompareIliLPv0EEENS_15AssertionResultEPKcS6_RKT_RKT0_
FN:1443,_ZN7testing8internal18CmpHelperOpFailureIllEENS_15AssertionResultEPKcS4_RKT_RKT0_S4_
FN:1476,_ZN7testing8internal11CmpHelperLTIllEENS_15AssertionResultEPKcS4_RKT_RKT0_
FN:2334,_Z13RUN_ALL_TESTSv
FNDA:0,_ZN7testing8internal18CmpHelperOpFailureIllEENS_15AssertionResultEPKcS4_RKT_RKT0_S4_
FNDA:0,_ZN7testing8internal18CmpHelperEQFailureIliEENS_15AssertionResultEPKcS4_RKT_RKT0_
FNDA:22,_ZN7testing8internal11CmpHelperEQImmEENS_15AssertionResultEPKcS4_RKT_RKT0_
FNDA:0,_ZN7testing4Test16TearDownTestCaseEv
FNDA:11,_ZN7testing8internal11CmpHelperEQImiEENS_15AssertionResultEPKcS4_RKT_RKT0_
FNDA:11,_ZN7testing8internal11CmpHelperEQIN2sf7Vector2IfEES4_EENS_15AssertionResultEPKcS7_RKT_RKT0_
FNDA:11,_ZN7testing8internal11CmpHelperEQISt6vectorISt4pairIiiESaIS4_EES6_EENS_15AssertionResultEPKcS9_RKT_RKT0_
FNDA:11,_Z13RUN_ALL_TESTSv
FNDA:0,_ZN7testing4Test14SetUpTestSuiteEv
FNDA:0,_ZN7testing4Test13SetUpTestCaseEv
FNDA:0,_ZN7testing8internal18CmpHelperEQFailureIN2sf7Vector2IfEES4_EENS_15AssertionResultEPKcS7_RKT_RKT0_
FNDA:0,_ZN7testing8internal18CmpHelperEQFailureImiEENS_15AssertionResultEPKcS4_RKT_RKT0_
FNDA:0,_ZN7testing4Test5SetupEv
FNDA:11,_ZN7testing8internal8EqHelper7CompareImiLPv0EEENS_15AssertionResultEPKcS6_RKT_RKT0_
FNDA:11,_ZN7testing8internal8EqHelper7CompareIN2sf7Vector2IfEES5_LPv0EEENS_15AssertionResultEPKcS9_RKT_RKT0_
FNDA:11,_ZN7testing8internal8EqHelper7CompareISt6vectorISt4pairIiiESaIS5_EES7_LPv0EEENS_15AssertionResultEPKcSB_RKT_RKT0_
FNDA:0,_ZN7testing8internal18CmpHelperEQFailureImmEENS_15AssertionResultEPKcS4_RKT_RKT0_
FNDA:11,_ZN7testing8internal11CmpHelperLTIllEENS_15AssertionResultEPKcS4_RKT_RKT0_
FNDA:0,_ZN7testing4Test17TearDownTestSuiteEv
FNDA:22,_ZN7testing8internal8EqHelper7CompareImmLPv0EEENS_15AssertionResultEPKcS6_RKT_RKT0_
FNDA:11,_ZN7testing8internal8EqHelper7CompareIliLPv0EEENS_15AssertionResultEPKcS6_RKT_RKT0_
FNDA:11,_ZN7testing8internal11CmpHelperEQIliEENS_15AssertionResultEPKcS4_RKT_RKT0_
FNDA:0,_ZN7testing8internal18CmpHelperEQFailureISt6vectorISt4pairIiiESaIS4_EES6_EENS_15AssertionResultEPKcS9_RKT_RKT0_
FNF:23
FNH:12
DA:255,0
DA:263,0
DA:268,0
DA:269,0
DA:356,0
DA:1374,0
DA:1379,0
DA:1391,66
DA:1394,66
DA:1395,66
DA:1398,0
DA:1410,66
DA:1413,66
DA:1443,0
DA:1447,0
DA:1448,0
DA:1449,0
DA:1476,11
DA:2334,11
LF:19
LH:7
end_of_record
TN:
SF:/home/georgii/Projects/Labs/Project42/tests/external/googletest/googletest/include/gtest/internal/gtest-internal.h
FN:418,_ZN7testing8internal9GetTypeIdI8BombTestEEPKvv
FN:418,_ZN7testing8internal9GetTypeIdI19BoardNavigationTestEEPKvv
FN:418,_ZN7testing8internal9GetTypeIdI12BoardDFSTestEEPKvv
FN:437,_ZN7testing8internal15TestFactoryBaseD2Ev
FN:437,_ZN7testing8internal15TestFactoryBaseD0Ev
FN:444,_ZN7testing8internal15TestFactoryBaseC2Ev
FN:456,_ZN7testing8internal15TestFactoryImplI48BoardNavigationTest_FindPathBetweenVertices_TestE10CreateTestEv
FN:456,_ZN7testing8internal15TestFactoryImplI38BombTest_PlantingBombSuccessfully_TestE10CreateTestEv
FN:456,_ZN7testing8internal15TestFactoryImplI35BoardNavigationTest_DepthLimit_TestE10CreateTestEv
FN:456,_ZN7testing8internal15TestFactoryImplI46BoardDFSTest_IncorrectCoordinatesHandling_TestE10CreateTestEv
FN:456,_ZN7testing8internal15TestFactoryImplI37BoardNavigationTest_NoPathExists_TestE10CreateTestEv
FN:456,_ZN7testing8internal15TestFactoryImplI45BoardDFSTest_GraphVerticesAddedCorrectly_TestE10CreateTestEv
FN:456,_ZN7testing8internal15TestFactoryImplI49BombTest_PlantDurationUpdateWhenNotCompleted_TestE10CreateTestEv
FN:456,_ZN7testing8internal15TestFactoryImplI45BoardDFSTest_CorrectAlgorithmTermination_TestE10CreateTestEv
FN:456,_ZN7testing8internal15TestFactoryImplI41BombTest_IgnorePlantingWhenActivated_TestE10CreateTestEv
FN:456,_ZN7testing8internal15TestFactoryImplI28BombTest_ReplantingBomb_TestE10CreateTestEv
FN:456,_ZN7testing8internal15TestFactoryImplI39BombTest_BombNotActivatedWhenMoved_TestE10CreateTestEv
FN:477,_ZN7testing8internal12CodeLocationC2ENSt7__cxx1112basic_stringIcSt11char_traitsIcESaIcEEEi
FN:490,_ZN7testing8internal19GetNotDefaultOrNullEPFvvES2_
FN:505,_ZN7testing8internal16SuiteApiResolverI8BombTestE19GetSetUpCaseOrSuiteEPKci
FN:505,_ZN7testing8internal16SuiteApiResolverI19BoardNavigationTestE19GetSetUpCaseOrSuiteEPKci
FN:505,_ZN7testing8internal16SuiteApiResolverI12BoardDFSTestE19GetSetUpCaseOrSuiteEPKci
FN:526,_ZN7testing8internal16SuiteApiResolverI19BoardNavigationTestE22GetTearDownCaseOrSuiteEPKci
FN:526,_ZN7testing8internal16SuiteApiResolverI12BoardDFSTestE22GetTearDownCaseOrSuiteEPKci
FN:526,_ZN7testing8internal16SuiteApiResolverI8BombTestE22GetTearDownCaseOrSuiteEPKci
FNDA:55,_ZN7testing8internal16SuiteApiResolverI8BombTestE22GetTearDownCaseOrSuiteEPKci
FNDA:11,_ZN7testing8internal15TestFactoryImplI39BombTest_BombNotActivatedWhenMoved_TestE10CreateTestEv
FNDA:484,_ZN7testing8internal19GetNotDefaultOrNullEPFvvES2_
FNDA:0,_ZN7testing8internal15TestFactoryBaseD0Ev
FNDA:11,_ZN7testing8internal15TestFactoryImplI28BombTest_ReplantingBomb_TestE10CreateTestEv
FNDA:121,_ZN7testing8internal12CodeLocationC2ENSt7__cxx1112basic_stringIcSt11char_traitsIcESaIcEEEi
FNDA:11,_ZN7testing8internal15TestFactoryImplI41BombTest_IgnorePlantingWhenActivated_TestE10CreateTestEv
FNDA:33,_ZN7testing8internal16SuiteApiResolverI12BoardDFSTestE22GetTearDownCaseOrSuiteEPKci
FNDA:11,_ZN7testing8internal15TestFactoryImplI45BoardDFSTest_CorrectAlgorithmTermination_TestE10CreateTestEv
FNDA:33,_ZN7testing8internal16SuiteApiResolverI12BoardDFSTestE19GetSetUpCaseOrSuiteEPKci
FNDA:11,_ZN7testing8internal15TestFactoryImplI49BombTest_PlantDurationUpdateWhenNotCompleted_TestE10CreateTestEv
FNDA:121,_ZN7testing8internal15TestFactoryBaseD2Ev
FNDA:11,_ZN7testing8internal15TestFactoryImplI45BoardDFSTest_GraphVerticesAddedCorrectly_TestE10CreateTestEv
FNDA:33,_ZN7testing8internal9GetTypeIdI12BoardDFSTestEEPKvv
FNDA:33,_ZN7testing8internal16SuiteApiResolverI19BoardNavigationTestE19GetSetUpCaseOrSuiteEPKci
FNDA:11,_ZN7testing8internal15TestFactoryImplI37BoardNavigationTest_NoPathExists_TestE10CreateTestEv
FNDA:33,_ZN7testing8internal9GetTypeIdI19BoardNavigationTestEEPKvv
FNDA:11,_ZN7testing8internal15TestFactoryImplI46BoardDFSTest_IncorrectCoordinatesHandling_TestE10CreateTestEv
FNDA:11,_ZN7testing8internal15TestFactoryImplI38BombTest_PlantingBombSuccessfully_TestE10CreateTestEv
FNDA:11,_ZN7testing8internal15TestFactoryImplI35BoardNavigationTest_DepthLimit_TestE10CreateTestEv
FNDA:55,_ZN7testing8internal9GetTypeIdI8BombTestEEPKvv
FNDA:55,_ZN7testing8internal16SuiteApiResolverI8BombTestE19GetSetUpCaseOrSuiteEPKci
FNDA:11,_ZN7testing8internal15TestFactoryImplI48BoardNavigationTest_FindPathBetweenVertices_TestE10CreateTestEv
FNDA:33,_ZN7testing8internal16SuiteApiResolverI19BoardNavigationTestE22GetTearDownCaseOrSuiteEPKci
FNDA:121,_ZN7testing8internal15TestFactoryBaseC2Ev
FNF:25
FNH:24
DA:418,121
DA:423,121
DA:437,121
DA:444,121
DA:456,121
DA:477,121
DA:478,121
DA:490,484
DA:492,484
DA:505,121
DA:509,121
DA:511,121
DA:513,121
DA:516,0
DA:518,121
DA:526,121
DA:530,121
DA:532,121
DA:534,121
DA:537,0
DA:539,121
LF:21
LH:19
end_of_record
TN:
SF:/home/georgii/Projects/Labs/Project42/tests/external/googletest/googletest/include/gtest/internal/gtest-port.h
FN:1082,_ZN7testing8internal8GTestLog9GetStreamEv
FNDA:0,_ZN7testing8internal8GTestLog9GetStreamEv
FNF:1
FNH:0
DA:1082,0
LF:1
LH:0
end_of_record
TN:
SF:/home/georgii/Projects/Labs/Project42/tests/test.cpp
FN:22,_ZN19BoardNavigationTest5SetUpEv
FN:54,_ZN48BoardNavigationTest_FindPathBetweenVertices_Test8TestBodyEv
FN:54,_ZN48BoardNavigationTest_FindPathBetweenVertices_TestC2Ev
FN:54,_ZN48BoardNavigationTest_FindPathBetweenVertices_TestD2Ev
FN:54,_ZN48BoardNavigationTest_FindPathBetweenVertices_TestD0Ev
FN:66,_ZN35BoardNavigationTest_DepthLimit_TestC2Ev
FN:66,_ZN35BoardNavigationTest_DepthLimit_Test8TestBodyEv
FN:66,_ZN35BoardNavigationTest_DepthLimit_TestD0Ev
FN:66,_ZN35BoardNavigationTest_DepthLimit_TestD2Ev
FN:78,_ZN37BoardNavigationTest_NoPathExists_TestD2Ev
FN:78,_ZN37BoardNavigationTest_NoPathExists_TestD0Ev
FN:78,_ZN37BoardNavigationTest_NoPathExists_TestC2Ev
FN:78,_ZN37BoardNavigationTest_NoPathExists_Test8TestBodyEv
FN:100,_ZN12BoardDFSTest8call_dfsEii
FN:105,_ZN12BoardDFSTest14get_graph_sizeEv
FN:111,_ZN12BoardDFSTest5SetUpEv
FN:138,_ZN45BoardDFSTest_CorrectAlgorithmTermination_TestC2Ev
FN:138,_ZN45BoardDFSTest_CorrectAlgorithmTermination_Test8TestBodyEv
FN:138,_ZN45BoardDFSTest_CorrectAlgorithmTermination_TestD0Ev
FN:138,_ZN45BoardDFSTest_CorrectAlgorithmTermination_TestD2Ev
FN:147,_ZN45BoardDFSTest_GraphVerticesAddedCorrectly_TestD0Ev
FN:147,_ZN45BoardDFSTest_GraphVerticesAddedCorrectly_TestC2Ev
FN:147,_ZN45BoardDFSTest_GraphVerticesAddedCorrectly_Test8TestBodyEv
FN:147,_ZN45BoardDFSTest_GraphVerticesAddedCorrectly_TestD2Ev
FN:156,_ZN46BoardDFSTest_IncorrectCoordinatesHandling_TestD0Ev
FN:156,_ZN46BoardDFSTest_IncorrectCoordinatesHandling_Test8TestBodyEv
FN:156,_ZN46BoardDFSTest_IncorrectCoordinatesHandling_TestC2Ev
FN:156,_ZN46BoardDFSTest_IncorrectCoordinatesHandling_TestD2Ev
FN:174,_ZN8BombTest5SetUpEv
FN:182,_ZN38BombTest_PlantingBombSuccessfully_Test8TestBodyEv
FN:182,_ZN38BombTest_PlantingBombSuccessfully_TestD2Ev
FN:182,_ZN38BombTest_PlantingBombSuccessfully_TestD0Ev
FN:182,_ZN38BombTest_PlantingBombSuccessfully_TestC2Ev
FN:198,_ZN39BombTest_BombNotActivatedWhenMoved_TestC2Ev
FN:198,_ZN39BombTest_BombNotActivatedWhenMoved_Test8TestBodyEv
FN:198,_ZN39BombTest_BombNotActivatedWhenMoved_TestD2Ev
FN:198,_ZN39BombTest_BombNotActivatedWhenMoved_TestD0Ev
FN:216,_ZN28BombTest_ReplantingBomb_Test8TestBodyEv
FN:216,_ZN28BombTest_ReplantingBomb_TestC2Ev
FN:216,_ZN28BombTest_ReplantingBomb_TestD0Ev
FN:216,_ZN28BombTest_ReplantingBomb_TestD2Ev
FN:239,_ZN41BombTest_IgnorePlantingWhenActivated_Test8TestBodyEv
FN:239,_ZN41BombTest_IgnorePlantingWhenActivated_TestC2Ev
FN:239,_ZN41BombTest_IgnorePlantingWhenActivated_TestD0Ev
FN:239,_ZN41BombTest_IgnorePlantingWhenActivated_TestD2Ev
FN:257,_ZN49BombTest_PlantDurationUpdateWhenNotCompleted_TestD0Ev
FN:257,_ZN49BombTest_PlantDurationUpdateWhenNotCompleted_TestD2Ev
FN:257,_ZN49BombTest_PlantDurationUpdateWhenNotCompleted_TestC2Ev
FN:257,_ZN49BombTest_PlantDurationUpdateWhenNotCompleted_Test8TestBodyEv
FN:274,main
FNDA:11,_ZN48BoardNavigationTest_FindPathBetweenVertices_TestC2Ev
FNDA:11,_ZN45BoardDFSTest_CorrectAlgorithmTermination_Test8TestBodyEv
FNDA:11,_ZN35BoardNavigationTest_DepthLimit_Test8TestBodyEv
FNDA:55,_ZN8BombTest5SetUpEv
FNDA:11,_ZN39BombTest_BombNotActivatedWhenMoved_TestD0Ev
FNDA:11,_ZN35BoardNavigationTest_DepthLimit_TestC2Ev
FNDA:11,_ZN35BoardNavigationTest_DepthLimit_TestD0Ev
FNDA:11,_ZN37BoardNavigationTest_NoPathExists_TestD2Ev
FNDA:11,_ZN38BombTest_PlantingBombSuccessfully_TestD0Ev
FNDA:11,_ZN28BombTest_ReplantingBomb_TestD0Ev
FNDA:11,_ZN38BombTest_PlantingBombSuccessfully_TestD2Ev
FNDA:11,_ZN28BombTest_ReplantingBomb_TestC2Ev
FNDA:33,_ZN12BoardDFSTest8call_dfsEii
FNDA:11,_ZN39BombTest_BombNotActivatedWhenMoved_TestD2Ev
FNDA:11,_ZN39BombTest_BombNotActivatedWhenMoved_Test8TestBodyEv
FNDA:11,main
FNDA:33,_ZN12BoardDFSTest14get_graph_sizeEv
FNDA:11,_ZN45BoardDFSTest_GraphVerticesAddedCorrectly_TestD0Ev
FNDA:11,_ZN41BombTest_IgnorePlantingWhenActivated_Test8TestBodyEv
FNDA:11,_ZN48BoardNavigationTest_FindPathBetweenVertices_Test8TestBodyEv
FNDA:11,_ZN39BombTest_BombNotActivatedWhenMoved_TestC2Ev
FNDA:11,_ZN45BoardDFSTest_CorrectAlgorithmTermination_TestC2Ev
FNDA:11,_ZN38BombTest_PlantingBombSuccessfully_Test8TestBodyEv
FNDA:11,_ZN28BombTest_ReplantingBomb_Test8TestBodyEv
FNDA:11,_ZN38BombTest_PlantingBombSuccessfully_TestC2Ev
FNDA:11,_ZN35BoardNavigationTest_DepthLimit_TestD2Ev
FNDA:11,_ZN28BombTest_ReplantingBomb_TestD2Ev
FNDA:11,_ZN37BoardNavigationTest_NoPathExists_Test8TestBodyEv
FNDA:11,_ZN45BoardDFSTest_CorrectAlgorithmTermination_TestD2Ev
FNDA:11,_ZN49BombTest_PlantDurationUpdateWhenNotCompleted_Test8TestBodyEv
FNDA:11,_ZN46BoardDFSTest_IncorrectCoordinatesHandling_TestC2Ev
FNDA:11,_ZN49BombTest_PlantDurationUpdateWhenNotCompleted_TestC2Ev
FNDA:11,_ZN49BombTest_PlantDurationUpdateWhenNotCompleted_TestD2Ev
FNDA:11,_ZN49BombTest_PlantDurationUpdateWhenNotCompleted_TestD0Ev
FNDA:33,_ZN12BoardDFSTest5SetUpEv
FNDA:11,_ZN45BoardDFSTest_GraphVerticesAddedCorrectly_TestD2Ev
FNDA:11,_ZN46BoardDFSTest_IncorrectCoordinatesHandling_TestD2Ev
FNDA:11,_ZN37BoardNavigationTest_NoPathExists_TestC2Ev
FNDA:11,_ZN41BombTest_IgnorePlantingWhenActivated_TestD2Ev
FNDA:11,_ZN48BoardNavigationTest_FindPathBetweenVertices_TestD0Ev
FNDA:11,_ZN45BoardDFSTest_GraphVerticesAddedCorrectly_Test8TestBodyEv
FNDA:11,_ZN37BoardNavigationTest_NoPathExists_TestD0Ev
FNDA:33,_ZN19BoardNavigationTest5SetUpEv
FNDA:11,_ZN46BoardDFSTest_IncorrectCoordinatesHandling_TestD0Ev
FNDA:11,_ZN48BoardNavigationTest_FindPathBetweenVertices_TestD2Ev
FNDA:11,_ZN46BoardDFSTest_IncorrectCoordinatesHandling_Test8TestBodyEv
FNDA:11,_ZN45BoardDFSTest_GraphVerticesAddedCorrectly_TestC2Ev
FNDA:11,_ZN41BombTest_IgnorePlantingWhenActivated_TestC2Ev
FNDA:11,_ZN45BoardDFSTest_CorrectAlgorithmTermination_TestD0Ev
FNDA:11,_ZN41BombTest_IgnorePlantingWhenActivated_TestD0Ev
FNF:50
FNH:50
DA:22,33
DA:23,33
DA:24,33
DA:25,33
DA:27,33
DA:28,33
DA:29,33
DA:31,33
DA:32,33
DA:35,198
DA:36,165
DA:37,165
DA:38,990
DA:39,825
DA:41,165
DA:42,165
DA:46,33
DA:47,33
DA:48,33
DA:49,33
DA:50,33
DA:54,44
DA:55,11
DA:56,11
DA:57,11
DA:59,11
DA:61,11
DA:62,11
DA:63,11
DA:66,44
DA:67,11
DA:68,11
DA:69,11
DA:71,11
DA:74,11
DA:75,11
DA:78,44
DA:79,11
DA:80,11
DA:81,11
DA:83,11
DA:86,11
DA:87,11
DA:100,33
DA:102,33
DA:103,33
DA:105,33
DA:107,33
DA:111,33
DA:113,33
DA:114,33
DA:115,33
DA:117,33
DA:118,33
DA:119,33
DA:122,33
DA:123,33
DA:126,198
DA:127,165
DA:128,165
DA:129,990
DA:130,825
DA:132,165
DA:133,165
DA:134,33
DA:138,44
DA:140,11
DA:143,11
DA:147,44
DA:149,11
DA:152,11
DA:156,44
DA:159,11
DA:161,11
DA:174,55
DA:175,55
DA:176,55
DA:177,55
DA:178,55
DA:182,44
DA:184,11
DA:187,11
DA:190,11
DA:191,11
DA:194,11
DA:198,44
DA:200,11
DA:203,11
DA:204,11
DA:205,11
DA:208,11
DA:211,11
DA:212,11
DA:216,44
DA:218,11
DA:221,11
DA:222,11
DA:223,11
DA:226,11
DA:227,11
DA:230,11
DA:231,11
DA:232,11
DA:235,11
DA:239,44
DA:241,11
DA:242,11
DA:243,11
DA:244,11
DA:247,11
DA:248,11
DA:249,11
DA:252,11
DA:253,11
DA:257,44
DA:259,11
DA:262,11
DA:263,11
DA:266,11
DA:268,11
DA:269,11
DA:270,11
DA:274,11
DA:275,11
DA:276,11
LF:125
LH:125
end_of_record
