TN:
SF:/home/georgii/Projects/Labs/Project42/BoardLogic.cpp
FN:3,_ZN10BoardLogic3dfsEii
FN:27,_ZNK10BoardLogic9navigatorERKN2sf7Vector2IiEES4_i
FN:75,_ZNK10BoardLogic12is_go_abroadEii
FNDA:443,_ZNK10BoardLogic12is_go_abroadEii
FNDA:51,_ZN10BoardLogic3dfsEii
FNDA:3,_ZNK10BoardLogic9navigatorERKN2sf7Vector2IiEES4_i
FNF:3
FNH:3
DA:3,51
DA:5,51
DA:6,50
DA:8,98
DA:9,98
DA:10,98
DA:11,98
DA:12,98
DA:14,98
DA:16,48
DA:17,48
DA:19,48
DA:20,48
DA:22,48
DA:23,48
DA:24,146
DA:27,3
DA:29,3
DA:30,3
DA:31,3
DA:32,3
DA:33,3
DA:34,3
DA:36,3
DA:38,13
DA:40,12
DA:41,12
DA:42,12
DA:44,1
DA:46,11
DA:48,19
DA:49,10
DA:50,10
DA:51,10
DA:53,10
DA:54,1
DA:55,1
DA:60,11
DA:62,3
DA:64,1
DA:65,5
DA:66,4
DA:67,4
DA:71,1
DA:72,1
DA:73,3
DA:75,443
DA:77,443
DA:78,367
LF:49
LH:49
end_of_record
TN:
SF:/home/georgii/Projects/Labs/Project42/BombLogic.cpp
FN:2,_ZN9BombLogic8plantingERKN2sf4RectIfEEl
FN:25,_ZN9BombLogic13drop_plantingEv
FN:34,_ZN9BombLogic10deactivateEv
FN:39,_ZNK9BombLogic11is_activateEv
FN:44,_ZNK9BombLogic14get_plant_infoEv
FN:49,_ZNK9BombLogic7get_posEv
FNDA:1,_ZNK9BombLogic7get_posEv
FNDA:10,_ZNK9BombLogic11is_activateEv
FNDA:1,_ZN9BombLogic10deactivateEv
FNDA:0,_ZN9BombLogic13drop_plantingEv
FNDA:1,_ZNK9BombLogic14get_plant_infoEv
FNDA:14,_ZN9BombLogic8plantingERKN2sf4RectIfEEl
FNF:6
FNH:5
DA:2,14
DA:4,14
DA:5,12
DA:6,12
DA:8,12
DA:10,5
DA:11,5
DA:13,4
DA:18,7
DA:19,7
DA:20,7
DA:22,12
DA:25,0
DA:27,0
DA:29,0
DA:30,0
DA:32,0
DA:34,1
DA:36,1
DA:37,1
DA:39,10
DA:41,10
DA:44,1
DA:46,1
DA:49,1
DA:51,1
LF:26
LH:21
end_of_record
TN:
SF:/home/georgii/Projects/Labs/Project42/tests/BoardDFSTest.cpp
FN:3,_ZN12BoardDFSTest5SetUpEv
FN:10,_ZN45BoardDFSTest_CorrectAlgorithmTermination_Test8TestBodyEv
FN:10,_ZN45BoardDFSTest_CorrectAlgorithmTermination_TestC2Ev
FN:10,_ZN45BoardDFSTest_CorrectAlgorithmTermination_TestD2Ev
FN:10,_ZN45BoardDFSTest_CorrectAlgorithmTermination_TestD0Ev
FN:19,_ZN45BoardDFSTest_GraphVerticesAddedCorrectly_Test8TestBodyEv
FN:19,_ZN45BoardDFSTest_GraphVerticesAddedCorrectly_TestD0Ev
FN:19,_ZN45BoardDFSTest_GraphVerticesAddedCorrectly_TestD2Ev
FN:19,_ZN45BoardDFSTest_GraphVerticesAddedCorrectly_TestC2Ev
FN:28,_ZN46BoardDFSTest_IncorrectCoordinatesHandling_TestC2Ev
FN:28,_ZN46BoardDFSTest_IncorrectCoordinatesHandling_TestD2Ev
FN:28,_ZN46BoardDFSTest_IncorrectCoordinatesHandling_TestD0Ev
FN:28,_ZN46BoardDFSTest_IncorrectCoordinatesHandling_Test8TestBodyEv
FNDA:1,_ZN45BoardDFSTest_CorrectAlgorithmTermination_Test8TestBodyEv
FNDA:1,_ZN45BoardDFSTest_GraphVerticesAddedCorrectly_Test8TestBodyEv
FNDA:1,_ZN46BoardDFSTest_IncorrectCoordinatesHandling_TestC2Ev
FNDA:1,_ZN45BoardDFSTest_GraphVerticesAddedCorrectly_TestD0Ev
FNDA:1,_ZN45BoardDFSTest_GraphVerticesAddedCorrectly_TestD2Ev
FNDA:1,_ZN45BoardDFSTest_CorrectAlgorithmTermination_TestC2Ev
FNDA:3,_ZN12BoardDFSTest5SetUpEv
FNDA:1,_ZN46BoardDFSTest_IncorrectCoordinatesHandling_TestD2Ev
FNDA:1,_ZN45BoardDFSTest_CorrectAlgorithmTermination_TestD2Ev
FNDA:1,_ZN45BoardDFSTest_CorrectAlgorithmTermination_TestD0Ev
FNDA:1,_ZN46BoardDFSTest_IncorrectCoordinatesHandling_TestD0Ev
FNDA:1,_ZN45BoardDFSTest_GraphVerticesAddedCorrectly_TestC2Ev
FNDA:1,_ZN46BoardDFSTest_IncorrectCoordinatesHandling_Test8TestBodyEv
FNF:13
FNH:13
DA:3,3
DA:4,3
DA:5,3
DA:6,3
DA:7,3
DA:10,4
DA:12,1
DA:15,1
DA:19,4
DA:21,1
DA:24,1
DA:28,4
DA:31,1
DA:33,1
LF:14
LH:14
end_of_record
TN:
SF:/home/georgii/Projects/Labs/Project42/tests/BoardNavigatorTest.cpp
FN:2,_ZN18BoardNavigatorTest5SetUpEv
FN:16,_ZN47BoardNavigatorTest_FindPathBetweenVertices_TestD2Ev
FN:16,_ZN47BoardNavigatorTest_FindPathBetweenVertices_TestC2Ev
FN:16,_ZN47BoardNavigatorTest_FindPathBetweenVertices_Test8TestBodyEv
FN:16,_ZN47BoardNavigatorTest_FindPathBetweenVertices_TestD0Ev
FN:28,_ZN34BoardNavigatorTest_DepthLimit_TestD2Ev
FN:28,_ZN34BoardNavigatorTest_DepthLimit_Test8TestBodyEv
FN:28,_ZN34BoardNavigatorTest_DepthLimit_TestD0Ev
FN:28,_ZN34BoardNavigatorTest_DepthLimit_TestC2Ev
FN:40,_ZN36BoardNavigatorTest_NoPathExists_TestD0Ev
FN:40,_ZN36BoardNavigatorTest_NoPathExists_Test8TestBodyEv
FN:40,_ZN36BoardNavigatorTest_NoPathExists_TestC2Ev
FN:40,_ZN36BoardNavigatorTest_NoPathExists_TestD2Ev
FNDA:1,_ZN34BoardNavigatorTest_DepthLimit_TestD0Ev
FNDA:1,_ZN36BoardNavigatorTest_NoPathExists_TestD2Ev
FNDA:1,_ZN34BoardNavigatorTest_DepthLimit_TestC2Ev
FNDA:1,_ZN47BoardNavigatorTest_FindPathBetweenVertices_Test8TestBodyEv
FNDA:1,_ZN47BoardNavigatorTest_FindPathBetweenVertices_TestD0Ev
FNDA:1,_ZN36BoardNavigatorTest_NoPathExists_Test8TestBodyEv
FNDA:1,_ZN36BoardNavigatorTest_NoPathExists_TestC2Ev
FNDA:1,_ZN34BoardNavigatorTest_DepthLimit_Test8TestBodyEv
FNDA:3,_ZN18BoardNavigatorTest5SetUpEv
FNDA:1,_ZN47BoardNavigatorTest_FindPathBetweenVertices_TestC2Ev
FNDA:1,_ZN47BoardNavigatorTest_FindPathBetweenVertices_TestD2Ev
FNDA:1,_ZN34BoardNavigatorTest_DepthLimit_TestD2Ev
FNDA:1,_ZN36BoardNavigatorTest_NoPathExists_TestD0Ev
FNF:13
FNH:13
DA:2,3
DA:3,3
DA:4,3
DA:5,3
DA:9,3
DA:10,3
DA:11,3
DA:12,3
DA:13,3
DA:16,4
DA:17,1
DA:18,1
DA:19,1
DA:21,1
DA:23,1
DA:24,1
DA:25,1
DA:28,4
DA:29,1
DA:30,1
DA:31,1
DA:33,1
DA:36,1
DA:37,1
DA:40,4
DA:41,1
DA:42,1
DA:43,1
DA:45,1
DA:48,1
DA:49,1
LF:31
LH:31
end_of_record
TN:
SF:/home/georgii/Projects/Labs/Project42/tests/BombPlantingTest.cpp
FN:2,_ZN16BombPlantingTest5SetUpEv
FN:14,_ZN46BombPlantingTest_PlantingBombSuccessfully_TestC2Ev
FN:14,_ZN46BombPlantingTest_PlantingBombSuccessfully_Test8TestBodyEv
FN:14,_ZN46BombPlantingTest_PlantingBombSuccessfully_TestD2Ev
FN:14,_ZN46BombPlantingTest_PlantingBombSuccessfully_TestD0Ev
FN:30,_ZN47BombPlantingTest_BombNotActivatedWhenMoved_TestD2Ev
FN:30,_ZN47BombPlantingTest_BombNotActivatedWhenMoved_TestD0Ev
FN:30,_ZN47BombPlantingTest_BombNotActivatedWhenMoved_Test8TestBodyEv
FN:30,_ZN47BombPlantingTest_BombNotActivatedWhenMoved_TestC2Ev
FN:48,_ZN36BombPlantingTest_ReplantingBomb_TestD0Ev
FN:48,_ZN36BombPlantingTest_ReplantingBomb_TestC2Ev
FN:48,_ZN36BombPlantingTest_ReplantingBomb_Test8TestBodyEv
FN:48,_ZN36BombPlantingTest_ReplantingBomb_TestD2Ev
FN:71,_ZN49BombPlantingTest_IgnorePlantingWhenActivated_TestD0Ev
FN:71,_ZN49BombPlantingTest_IgnorePlantingWhenActivated_TestC2Ev
FN:71,_ZN49BombPlantingTest_IgnorePlantingWhenActivated_TestD2Ev
FN:71,_ZN49BombPlantingTest_IgnorePlantingWhenActivated_Test8TestBodyEv
FN:90,_ZN57BombPlantingTest_PlantDurationUpdateWhenNotCompleted_Test8TestBodyEv
FN:90,_ZN57BombPlantingTest_PlantDurationUpdateWhenNotCompleted_TestC2Ev
FN:90,_ZN57BombPlantingTest_PlantDurationUpdateWhenNotCompleted_TestD2Ev
FN:90,_ZN57BombPlantingTest_PlantDurationUpdateWhenNotCompleted_TestD0Ev
FNDA:1,_ZN46BombPlantingTest_PlantingBombSuccessfully_TestD0Ev
FNDA:1,_ZN36BombPlantingTest_ReplantingBomb_TestD2Ev
FNDA:1,_ZN49BombPlantingTest_IgnorePlantingWhenActivated_TestD2Ev
FNDA:1,_ZN49BombPlantingTest_IgnorePlantingWhenActivated_Test8TestBodyEv
FNDA:1,_ZN46BombPlantingTest_PlantingBombSuccessfully_TestD2Ev
FNDA:1,_ZN57BombPlantingTest_PlantDurationUpdateWhenNotCompleted_TestD0Ev
FNDA:1,_ZN36BombPlantingTest_ReplantingBomb_Test8TestBodyEv
FNDA:1,_ZN36BombPlantingTest_ReplantingBomb_TestC2Ev
FNDA:1,_ZN57BombPlantingTest_PlantDurationUpdateWhenNotCompleted_TestD2Ev
FNDA:1,_ZN47BombPlantingTest_BombNotActivatedWhenMoved_TestC2Ev
FNDA:1,_ZN49BombPlantingTest_IgnorePlantingWhenActivated_TestC2Ev
FNDA:1,_ZN36BombPlantingTest_ReplantingBomb_TestD0Ev
FNDA:1,_ZN49BombPlantingTest_IgnorePlantingWhenActivated_TestD0Ev
FNDA:5,_ZN16BombPlantingTest5SetUpEv
FNDA:1,_ZN46BombPlantingTest_PlantingBombSuccessfully_Test8TestBodyEv
FNDA:1,_ZN47BombPlantingTest_BombNotActivatedWhenMoved_TestD0Ev
FNDA:1,_ZN47BombPlantingTest_BombNotActivatedWhenMoved_Test8TestBodyEv
FNDA:1,_ZN57BombPlantingTest_PlantDurationUpdateWhenNotCompleted_Test8TestBodyEv
FNDA:1,_ZN47BombPlantingTest_BombNotActivatedWhenMoved_TestD2Ev
FNDA:1,_ZN57BombPlantingTest_PlantDurationUpdateWhenNotCompleted_TestC2Ev
FNDA:1,_ZN46BombPlantingTest_PlantingBombSuccessfully_TestC2Ev
FNF:21
FNH:21
DA:2,5
DA:4,5
DA:5,5
DA:6,5
DA:7,5
DA:8,5
DA:9,5
DA:10,5
DA:11,5
DA:14,4
DA:16,1
DA:19,1
DA:22,1
DA:23,1
DA:26,1
DA:30,4
DA:32,1
DA:35,1
DA:36,1
DA:37,1
DA:40,1
DA:43,1
DA:44,1
DA:48,4
DA:50,1
DA:53,1
DA:54,1
DA:55,1
DA:58,1
DA:59,1
DA:62,1
DA:63,1
DA:64,1
DA:67,1
DA:71,4
DA:73,1
DA:74,1
DA:75,1
DA:77,1
DA:80,1
DA:81,1
DA:82,1
DA:85,1
DA:86,1
DA:90,4
DA:92,1
DA:95,1
DA:96,1
DA:99,1
DA:101,1
DA:102,1
DA:103,1
LF:52
LH:52
end_of_record
TN:
SF:/home/georgii/Projects/Labs/Project42/tests/test.cpp
FN:7,main
FNDA:1,main
FNF:1
FNH:1
DA:7,1
DA:8,1
DA:9,1
LF:3
LH:3
end_of_record
